<?xml version="1.0" encoding="UTF-8"?>
<coverage generated="1742012947596" clover="3.2.0">
  <project timestamp="1742012947596" name="All files">
    <metrics statements="281" coveredstatements="253" conditionals="23" coveredconditionals="18" methods="12" coveredmethods="11" elements="316" coveredelements="282" complexity="0" loc="281" ncloc="281" packages="1" files="7" classes="7"/>
    <file name="App.jsx" path="C:\Users\Administrator\Desktop\sc\25winter\cse186\Assignment8\frontend\src\App.jsx">
      <metrics statements="24" coveredstatements="24" conditionals="1" coveredconditionals="1" methods="1" coveredmethods="1"/>
      <line num="11" count="1" type="stmt"/>
      <line num="12" count="1" type="stmt"/>
      <line num="13" count="1" type="stmt"/>
      <line num="14" count="1" type="stmt"/>
      <line num="20" count="3" type="cond" truecount="1" falsecount="0"/>
      <line num="21" count="3" type="stmt"/>
      <line num="22" count="3" type="stmt"/>
      <line num="23" count="3" type="stmt"/>
      <line num="24" count="3" type="stmt"/>
      <line num="25" count="3" type="stmt"/>
      <line num="26" count="3" type="stmt"/>
      <line num="27" count="3" type="stmt"/>
      <line num="28" count="3" type="stmt"/>
      <line num="29" count="3" type="stmt"/>
      <line num="30" count="3" type="stmt"/>
      <line num="31" count="3" type="stmt"/>
      <line num="32" count="3" type="stmt"/>
      <line num="33" count="3" type="stmt"/>
      <line num="34" count="3" type="stmt"/>
      <line num="36" count="3" type="stmt"/>
      <line num="37" count="3" type="stmt"/>
      <line num="38" count="3" type="stmt"/>
      <line num="40" count="3" type="stmt"/>
      <line num="42" count="1" type="stmt"/>
    </file>
    <file name="AuthenticatedRoute.jsx" path="C:\Users\Administrator\Desktop\sc\25winter\cse186\Assignment8\frontend\src\AuthenticatedRoute.jsx">
      <metrics statements="13" coveredstatements="13" conditionals="4" coveredconditionals="4" methods="1" coveredmethods="1"/>
      <line num="12" count="1" type="stmt"/>
      <line num="13" count="1" type="stmt"/>
      <line num="15" count="1" type="cond" truecount="1" falsecount="0"/>
      <line num="16" count="3" type="stmt"/>
      <line num="17" count="3" type="cond" truecount="3" falsecount="0"/>
      <line num="18" count="1" type="stmt"/>
      <line num="19" count="1" type="stmt"/>
      <line num="20" count="2" type="stmt"/>
      <line num="21" count="2" type="stmt"/>
      <line num="23" count="1" type="stmt"/>
      <line num="24" count="1" type="stmt"/>
      <line num="25" count="1" type="stmt"/>
      <line num="27" count="1" type="stmt"/>
    </file>
    <file name="Home.jsx" path="C:\Users\Administrator\Desktop\sc\25winter\cse186\Assignment8\frontend\src\Home.jsx">
      <metrics statements="29" coveredstatements="25" conditionals="1" coveredconditionals="1" methods="2" coveredmethods="1"/>
      <line num="12" count="1" type="stmt"/>
      <line num="13" count="1" type="stmt"/>
      <line num="14" count="1" type="stmt"/>
      <line num="15" count="1" type="stmt"/>
      <line num="16" count="1" type="stmt"/>
      <line num="20" count="1" type="cond" truecount="1" falsecount="0"/>
      <line num="21" count="1" type="stmt"/>
      <line num="22" count="1" type="stmt"/>
      <line num="23" count="1" type="stmt"/>
      <line num="24" count="0" type="stmt"/>
      <line num="25" count="0" type="stmt"/>
      <line num="26" count="0" type="stmt"/>
      <line num="27" count="0" type="stmt"/>
      <line num="29" count="1" type="stmt"/>
      <line num="30" count="1" type="stmt"/>
      <line num="31" count="1" type="stmt"/>
      <line num="32" count="1" type="stmt"/>
      <line num="33" count="1" type="stmt"/>
      <line num="34" count="1" type="stmt"/>
      <line num="35" count="1" type="stmt"/>
      <line num="36" count="1" type="stmt"/>
      <line num="37" count="1" type="stmt"/>
      <line num="38" count="1" type="stmt"/>
      <line num="39" count="1" type="stmt"/>
      <line num="40" count="1" type="stmt"/>
      <line num="41" count="1" type="stmt"/>
      <line num="42" count="1" type="stmt"/>
      <line num="44" count="1" type="stmt"/>
      <line num="46" count="1" type="stmt"/>
    </file>
    <file name="WorkspaceContent.jsx" path="C:\Users\Administrator\Desktop\sc\25winter\cse186\Assignment8\frontend\src\WorkspaceContent.jsx">
      <metrics statements="11" coveredstatements="5" conditionals="2" coveredconditionals="1" methods="1" coveredmethods="1"/>
      <line num="1" count="1" type="stmt"/>
      <line num="2" count="1" type="stmt"/>
      <line num="11" count="1" type="cond" truecount="1" falsecount="0"/>
      <line num="12" count="1" type="stmt"/>
      <line num="14" count="1" type="cond" truecount="0" falsecount="1"/>
      <line num="16" count="0" type="stmt"/>
      <line num="17" count="0" type="stmt"/>
      <line num="18" count="0" type="stmt"/>
      <line num="19" count="0" type="stmt"/>
      <line num="20" count="0" type="stmt"/>
      <line num="22" count="0" type="stmt"/>
    </file>
    <file name="WorkspaceContext.jsx" path="C:\Users\Administrator\Desktop\sc\25winter\cse186\Assignment8\frontend\src\WorkspaceContext.jsx">
      <metrics statements="33" coveredstatements="28" conditionals="6" coveredconditionals="4" methods="3" coveredmethods="3"/>
      <line num="1" count="1" type="stmt"/>
      <line num="2" count="1" type="stmt"/>
      <line num="4" count="1" type="stmt"/>
      <line num="13" count="1" type="cond" truecount="1" falsecount="0"/>
      <line num="14" count="1" type="stmt"/>
      <line num="15" count="1" type="stmt"/>
      <line num="17" count="1" type="cond" truecount="1" falsecount="0"/>
      <line num="18" count="1" type="cond" truecount="1" falsecount="0"/>
      <line num="19" count="1" type="stmt"/>
      <line num="20" count="1" type="cond" truecount="0" falsecount="1"/>
      <line num="22" count="1" type="stmt"/>
      <line num="23" count="1" type="stmt"/>
      <line num="24" count="1" type="cond" truecount="0" falsecount="1"/>
      <line num="26" count="0" type="stmt"/>
      <line num="27" count="0" type="stmt"/>
      <line num="28" count="0" type="stmt"/>
      <line num="29" count="0" type="stmt"/>
      <line num="30" count="0" type="stmt"/>
      <line num="31" count="1" type="stmt"/>
      <line num="33" count="1" type="stmt"/>
      <line num="34" count="1" type="stmt"/>
      <line num="36" count="1" type="stmt"/>
      <line num="37" count="1" type="stmt"/>
      <line num="38" count="1" type="stmt"/>
      <line num="39" count="1" type="stmt"/>
      <line num="40" count="1" type="stmt"/>
      <line num="42" count="1" type="stmt"/>
      <line num="43" count="1" type="stmt"/>
      <line num="44" count="1" type="stmt"/>
      <line num="45" count="1" type="stmt"/>
      <line num="53" count="1" type="cond" truecount="1" falsecount="0"/>
      <line num="54" count="2" type="stmt"/>
      <line num="55" count="2" type="stmt"/>
    </file>
    <file name="WorkspaceSidebar.jsx" path="C:\Users\Administrator\Desktop\sc\25winter\cse186\Assignment8\frontend\src\WorkspaceSidebar.jsx">
      <metrics statements="25" coveredstatements="14" conditionals="2" coveredconditionals="1" methods="1" coveredmethods="1"/>
      <line num="1" count="1" type="stmt"/>
      <line num="7" count="1" type="cond" truecount="1" falsecount="0"/>
      <line num="8" count="1" type="stmt"/>
      <line num="9" count="1" type="cond" truecount="0" falsecount="1"/>
      <line num="10" count="1" type="stmt"/>
      <line num="11" count="1" type="stmt"/>
      <line num="12" count="1" type="stmt"/>
      <line num="13" count="1" type="stmt"/>
      <line num="14" count="1" type="stmt"/>
      <line num="15" count="1" type="stmt"/>
      <line num="16" count="0" type="stmt"/>
      <line num="17" count="0" type="stmt"/>
      <line num="18" count="0" type="stmt"/>
      <line num="19" count="0" type="stmt"/>
      <line num="20" count="0" type="stmt"/>
      <line num="21" count="0" type="stmt"/>
      <line num="22" count="0" type="stmt"/>
      <line num="23" count="0" type="stmt"/>
      <line num="24" count="0" type="stmt"/>
      <line num="26" count="0" type="stmt"/>
      <line num="27" count="0" type="stmt"/>
      <line num="28" count="1" type="stmt"/>
      <line num="29" count="1" type="stmt"/>
      <line num="30" count="1" type="stmt"/>
      <line num="32" count="1" type="stmt"/>
    </file>
    <file name="login.jsx" path="C:\Users\Administrator\Desktop\sc\25winter\cse186\Assignment8\frontend\src\login.jsx">
      <metrics statements="146" coveredstatements="144" conditionals="7" coveredconditionals="6" methods="3" coveredmethods="3"/>
      <line num="1" count="1" type="stmt"/>
      <line num="2" count="1" type="stmt"/>
      <line num="3" count="1" type="stmt"/>
      <line num="4" count="1" type="stmt"/>
      <line num="5" count="1" type="stmt"/>
      <line num="6" count="1" type="stmt"/>
      <line num="7" count="1" type="stmt"/>
      <line num="8" count="1" type="stmt"/>
      <line num="9" count="1" type="stmt"/>
      <line num="10" count="1" type="stmt"/>
      <line num="11" count="1" type="stmt"/>
      <line num="12" count="1" type="stmt"/>
      <line num="13" count="1" type="stmt"/>
      <line num="15" count="1" type="cond" truecount="1" falsecount="0"/>
      <line num="16" count="29" type="stmt"/>
      <line num="17" count="29" type="stmt"/>
      <line num="18" count="29" type="stmt"/>
      <line num="19" count="29" type="stmt"/>
      <line num="20" count="29" type="stmt"/>
      <line num="21" count="29" type="stmt"/>
      <line num="22" count="29" type="stmt"/>
      <line num="23" count="29" type="stmt"/>
      <line num="24" count="29" type="stmt"/>
      <line num="25" count="29" type="stmt"/>
      <line num="26" count="29" type="stmt"/>
      <line num="27" count="29" type="stmt"/>
      <line num="29" count="29" type="stmt"/>
      <line num="30" count="29" type="stmt"/>
      <line num="31" count="29" type="stmt"/>
      <line num="33" count="29" type="stmt"/>
      <line num="34" count="1" type="stmt"/>
      <line num="36" count="1" type="cond" truecount="1" falsecount="0"/>
      <line num="37" count="29" type="stmt"/>
      <line num="38" count="29" type="stmt"/>
      <line num="39" count="29" type="stmt"/>
      <line num="40" count="29" type="stmt"/>
      <line num="41" count="29" type="stmt"/>
      <line num="42" count="29" type="stmt"/>
      <line num="43" count="29" type="stmt"/>
      <line num="44" count="29" type="stmt"/>
      <line num="45" count="29" type="stmt"/>
      <line num="46" count="29" type="stmt"/>
      <line num="47" count="29" type="stmt"/>
      <line num="48" count="29" type="stmt"/>
      <line num="49" count="29" type="stmt"/>
      <line num="50" count="29" type="stmt"/>
      <line num="52" count="29" type="stmt"/>
      <line num="53" count="29" type="stmt"/>
      <line num="54" count="29" type="stmt"/>
      <line num="55" count="29" type="stmt"/>
      <line num="57" count="29" type="stmt"/>
      <line num="58" count="29" type="stmt"/>
      <line num="59" count="1" type="stmt"/>
      <line num="69" count="29" type="cond" truecount="1" falsecount="0"/>
      <line num="70" count="29" type="stmt"/>
      <line num="71" count="29" type="stmt"/>
      <line num="72" count="29" type="stmt"/>
      <line num="74" count="29" type="cond" truecount="1" falsecount="0"/>
      <line num="75" count="26" type="stmt"/>
      <line num="76" count="26" type="cond" truecount="1" falsecount="0"/>
      <line num="77" count="26" type="stmt"/>
      <line num="81" count="29" type="cond" truecount="1" falsecount="0"/>
      <line num="82" count="1" type="stmt"/>
      <line num="83" count="1" type="stmt"/>
      <line num="84" count="1" type="stmt"/>
      <line num="85" count="1" type="stmt"/>
      <line num="86" count="1" type="stmt"/>
      <line num="87" count="1" type="stmt"/>
      <line num="88" count="1" type="stmt"/>
      <line num="89" count="1" type="stmt"/>
      <line num="90" count="1" type="stmt"/>
      <line num="91" count="1" type="stmt"/>
      <line num="92" count="1" type="stmt"/>
      <line num="93" count="1" type="stmt"/>
      <line num="94" count="1" type="cond" truecount="0" falsecount="1"/>
      <line num="95" count="0" type="stmt"/>
      <line num="96" count="0" type="stmt"/>
      <line num="97" count="1" type="stmt"/>
      <line num="98" count="29" type="stmt"/>
      <line num="99" count="29" type="stmt"/>
      <line num="100" count="29" type="stmt"/>
      <line num="101" count="29" type="stmt"/>
      <line num="102" count="29" type="stmt"/>
      <line num="103" count="29" type="stmt"/>
      <line num="104" count="29" type="stmt"/>
      <line num="105" count="29" type="stmt"/>
      <line num="107" count="29" type="stmt"/>
      <line num="108" count="29" type="stmt"/>
      <line num="109" count="29" type="stmt"/>
      <line num="110" count="29" type="stmt"/>
      <line num="111" count="29" type="stmt"/>
      <line num="112" count="29" type="stmt"/>
      <line num="113" count="29" type="stmt"/>
      <line num="114" count="29" type="stmt"/>
      <line num="115" count="29" type="stmt"/>
      <line num="116" count="29" type="stmt"/>
      <line num="117" count="29" type="stmt"/>
      <line num="119" count="29" type="stmt"/>
      <line num="120" count="29" type="stmt"/>
      <line num="121" count="29" type="stmt"/>
      <line num="122" count="29" type="stmt"/>
      <line num="123" count="29" type="stmt"/>
      <line num="124" count="29" type="stmt"/>
      <line num="125" count="29" type="stmt"/>
      <line num="126" count="29" type="stmt"/>
      <line num="127" count="29" type="stmt"/>
      <line num="128" count="29" type="stmt"/>
      <line num="129" count="29" type="stmt"/>
      <line num="130" count="29" type="stmt"/>
      <line num="131" count="29" type="stmt"/>
      <line num="132" count="29" type="stmt"/>
      <line num="133" count="29" type="stmt"/>
      <line num="134" count="29" type="stmt"/>
      <line num="135" count="29" type="stmt"/>
      <line num="136" count="29" type="stmt"/>
      <line num="137" count="29" type="stmt"/>
      <line num="138" count="29" type="stmt"/>
      <line num="139" count="29" type="stmt"/>
      <line num="140" count="29" type="stmt"/>
      <line num="141" count="29" type="stmt"/>
      <line num="142" count="29" type="stmt"/>
      <line num="143" count="29" type="stmt"/>
      <line num="144" count="29" type="stmt"/>
      <line num="145" count="29" type="stmt"/>
      <line num="146" count="29" type="stmt"/>
      <line num="147" count="29" type="stmt"/>
      <line num="148" count="29" type="stmt"/>
      <line num="149" count="29" type="stmt"/>
      <line num="150" count="29" type="stmt"/>
      <line num="151" count="29" type="stmt"/>
      <line num="152" count="29" type="stmt"/>
      <line num="153" count="29" type="stmt"/>
      <line num="154" count="29" type="stmt"/>
      <line num="155" count="29" type="stmt"/>
      <line num="156" count="29" type="stmt"/>
      <line num="157" count="29" type="stmt"/>
      <line num="158" count="29" type="stmt"/>
      <line num="159" count="29" type="stmt"/>
      <line num="160" count="29" type="stmt"/>
      <line num="161" count="29" type="stmt"/>
      <line num="162" count="29" type="stmt"/>
      <line num="164" count="29" type="stmt"/>
      <line num="165" count="29" type="stmt"/>
      <line num="166" count="29" type="stmt"/>
      <line num="167" count="29" type="stmt"/>
      <line num="169" count="29" type="stmt"/>
    </file>
  </project>
</coverage>
